{"/Users/shristykumari/Desktop/shristy-kumari-task/ui-playground/shristy-kumari/typeScript-practice/shopping-app/src/components/LayoutComponent/LayoutComponent.tsx": {"path":"/Users/shristykumari/Desktop/shristy-kumari-task/ui-playground/shristy-kumari/typeScript-practice/shopping-app/src/components/LayoutComponent/LayoutComponent.tsx","statementMap":{"0":{"start":{"line":1,"column":0},"end":{"line":1,"column":44}},"1":{"start":{"line":2,"column":0},"end":{"line":2,"column":53}},"2":{"start":{"line":3,"column":0},"end":{"line":3,"column":41}},"3":{"start":{"line":4,"column":0},"end":{"line":4,"column":38}},"4":{"start":{"line":6,"column":0},"end":{"line":6,"column":31}},"5":{"start":{"line":9,"column":33},"end":{"line":9,"column":56}},"6":{"start":{"line":10,"column":49},"end":{"line":10,"column":75}},"7":{"start":{"line":11,"column":45},"end":{"line":11,"column":60}},"8":{"start":{"line":12,"column":37},"end":{"line":12,"column":48}},"9":{"start":{"line":13,"column":39},"end":{"line":13,"column":51}},"10":{"start":{"line":14,"column":35},"end":{"line":14,"column":59}},"11":{"start":{"line":16,"column":1},"end":{"line":21,"column":8}},"12":{"start":{"line":17,"column":2},"end":{"line":20,"column":71}},"13":{"start":{"line":18,"column":18},"end":{"line":18,"column":28}},"14":{"start":{"line":19,"column":19},"end":{"line":19,"column":36}},"15":{"start":{"line":20,"column":21},"end":{"line":20,"column":69}},"16":{"start":{"line":23,"column":22},"end":{"line":28,"column":2}},"17":{"start":{"line":24,"column":2},"end":{"line":24,"column":40}},"18":{"start":{"line":25,"column":2},"end":{"line":25,"column":23}},"19":{"start":{"line":26,"column":2},"end":{"line":26,"column":15}},"20":{"start":{"line":27,"column":2},"end":{"line":27,"column":21}},"21":{"start":{"line":30,"column":25},"end":{"line":42,"column":2}},"22":{"start":{"line":31,"column":2},"end":{"line":41,"column":5}},"23":{"start":{"line":32,"column":24},"end":{"line":32,"column":72}},"24":{"start":{"line":32,"column":49},"end":{"line":32,"column":71}},"25":{"start":{"line":33,"column":3},"end":{"line":39,"column":4}},"26":{"start":{"line":34,"column":4},"end":{"line":38,"column":6}},"27":{"start":{"line":35,"column":5},"end":{"line":37,"column":12}},"28":{"start":{"line":40,"column":3},"end":{"line":40,"column":54}},"29":{"start":{"line":44,"column":26},"end":{"line":65,"column":3}},"30":{"start":{"line":46,"column":3},"end":{"line":47,"column":72}},"31":{"start":{"line":49,"column":3},"end":{"line":50,"column":68}},"32":{"start":{"line":52,"column":3},"end":{"line":52,"column":64}},"33":{"start":{"line":54,"column":21},"end":{"line":54,"column":25}},"34":{"start":{"line":55,"column":2},"end":{"line":62,"column":3}},"35":{"start":{"line":56,"column":22},"end":{"line":56,"column":63}},"36":{"start":{"line":57,"column":3},"end":{"line":61,"column":4}},"37":{"start":{"line":58,"column":4},"end":{"line":58,"column":64}},"38":{"start":{"line":60,"column":4},"end":{"line":60,"column":40}},"39":{"start":{"line":64,"column":2},"end":{"line":64,"column":75}},"40":{"start":{"line":67,"column":1},"end":{"line":101,"column":3}},"41":{"start":{"line":86,"column":24},"end":{"line":86,"column":54}},"42":{"start":{"line":91,"column":7},"end":{"line":92,"column":null}},"43":{"start":{"line":103,"column":0},"end":{"line":103,"column":31}}},"fnMap":{"0":{"name":"LayoutComponent","decl":{"start":{"line":8,"column":9},"end":{"line":8,"column":24}},"loc":{"start":{"line":8,"column":24},"end":{"line":102,"column":1}}},"1":{"name":"(anonymous_1)","decl":{"start":{"line":16,"column":11},"end":{"line":16,"column":14}},"loc":{"start":{"line":16,"column":16},"end":{"line":21,"column":2}}},"2":{"name":"(anonymous_2)","decl":{"start":{"line":18,"column":9},"end":{"line":18,"column":10}},"loc":{"start":{"line":18,"column":18},"end":{"line":18,"column":28}}},"3":{"name":"(anonymous_3)","decl":{"start":{"line":19,"column":9},"end":{"line":19,"column":10}},"loc":{"start":{"line":19,"column":19},"end":{"line":19,"column":36}}},"4":{"name":"(anonymous_4)","decl":{"start":{"line":20,"column":10},"end":{"line":20,"column":11}},"loc":{"start":{"line":20,"column":21},"end":{"line":20,"column":69}}},"5":{"name":"(anonymous_5)","decl":{"start":{"line":23,"column":22},"end":{"line":23,"column":25}},"loc":{"start":{"line":23,"column":27},"end":{"line":28,"column":2}}},"6":{"name":"(anonymous_6)","decl":{"start":{"line":30,"column":25},"end":{"line":30,"column":26}},"loc":{"start":{"line":30,"column":46},"end":{"line":42,"column":2}}},"7":{"name":"(anonymous_7)","decl":{"start":{"line":31,"column":15},"end":{"line":31,"column":16}},"loc":{"start":{"line":31,"column":29},"end":{"line":41,"column":3}}},"8":{"name":"(anonymous_8)","decl":{"start":{"line":32,"column":39},"end":{"line":32,"column":40}},"loc":{"start":{"line":32,"column":49},"end":{"line":32,"column":71}}},"9":{"name":"(anonymous_9)","decl":{"start":{"line":34,"column":25},"end":{"line":34,"column":26}},"loc":{"start":{"line":35,"column":5},"end":{"line":37,"column":12}}},"10":{"name":"(anonymous_10)","decl":{"start":{"line":44,"column":42},"end":{"line":44,"column":43}},"loc":{"start":{"line":44,"column":54},"end":{"line":65,"column":2}}},"11":{"name":"(anonymous_11)","decl":{"start":{"line":86,"column":17},"end":{"line":86,"column":18}},"loc":{"start":{"line":86,"column":24},"end":{"line":86,"column":54}}},"12":{"name":"(anonymous_12)","decl":{"start":{"line":90,"column":28},"end":{"line":90,"column":29}},"loc":{"start":{"line":91,"column":7},"end":{"line":92,"column":null}}}},"branchMap":{"0":{"loc":{"start":{"line":33,"column":3},"end":{"line":39,"column":4}},"type":"if","locations":[{"start":{"line":33,"column":3},"end":{"line":39,"column":4}}]},"1":{"loc":{"start":{"line":35,"column":5},"end":{"line":37,"column":12}},"type":"cond-expr","locations":[{"start":{"line":36,"column":8},"end":{"line":36,"column":48}},{"start":{"line":37,"column":8},"end":{"line":37,"column":12}}]},"2":{"loc":{"start":{"line":46,"column":3},"end":{"line":47,"column":72}},"type":"binary-expr","locations":[{"start":{"line":46,"column":3},"end":{"line":46,"column":66}},{"start":{"line":47,"column":3},"end":{"line":47,"column":72}}]},"3":{"loc":{"start":{"line":49,"column":3},"end":{"line":50,"column":68}},"type":"binary-expr","locations":[{"start":{"line":49,"column":3},"end":{"line":49,"column":40}},{"start":{"line":50,"column":3},"end":{"line":50,"column":68}}]},"4":{"loc":{"start":{"line":52,"column":3},"end":{"line":52,"column":64}},"type":"binary-expr","locations":[{"start":{"line":52,"column":3},"end":{"line":52,"column":23}},{"start":{"line":52,"column":27},"end":{"line":52,"column":64}}]},"5":{"loc":{"start":{"line":55,"column":2},"end":{"line":62,"column":3}},"type":"if","locations":[{"start":{"line":55,"column":2},"end":{"line":62,"column":3}}]},"6":{"loc":{"start":{"line":57,"column":3},"end":{"line":61,"column":4}},"type":"if","locations":[{"start":{"line":57,"column":3},"end":{"line":61,"column":4}},{"start":{"line":59,"column":10},"end":{"line":61,"column":4}}]},"7":{"loc":{"start":{"line":58,"column":19},"end":{"line":58,"column":63}},"type":"binary-expr","locations":[{"start":{"line":58,"column":19},"end":{"line":58,"column":39}},{"start":{"line":58,"column":43},"end":{"line":58,"column":63}}]},"8":{"loc":{"start":{"line":64,"column":9},"end":{"line":64,"column":74}},"type":"binary-expr","locations":[{"start":{"line":64,"column":9},"end":{"line":64,"column":22}},{"start":{"line":64,"column":26},"end":{"line":64,"column":41}},{"start":{"line":64,"column":45},"end":{"line":64,"column":58}},{"start":{"line":64,"column":62},"end":{"line":64,"column":74}}]}},"s":{"0":1,"1":1,"2":1,"3":1,"4":1,"5":11,"6":10,"7":10,"8":10,"9":10,"10":10,"11":10,"12":0,"13":0,"14":0,"15":0,"16":10,"17":0,"18":0,"19":0,"20":0,"21":10,"22":0,"23":0,"24":0,"25":0,"26":0,"27":0,"28":0,"29":10,"30":0,"31":0,"32":0,"33":0,"34":0,"35":0,"36":0,"37":0,"38":0,"39":0,"40":10,"41":0,"42":0,"43":1},"f":{"0":11,"1":0,"2":0,"3":0,"4":0,"5":0,"6":0,"7":0,"8":0,"9":0,"10":0,"11":0,"12":0},"b":{"0":[0],"1":[0,0],"2":[0,0],"3":[0,0],"4":[0,0],"5":[0],"6":[0,0],"7":[0,0],"8":[0,0,0,0]}}
,"/Users/shristykumari/Desktop/shristy-kumari-task/ui-playground/shristy-kumari/typeScript-practice/shopping-app/src/components/Sidebar/Sidebar.tsx": {"path":"/Users/shristykumari/Desktop/shristy-kumari-task/ui-playground/shristy-kumari/typeScript-practice/shopping-app/src/components/Sidebar/Sidebar.tsx","statementMap":{"0":{"start":{"line":1,"column":0},"end":{"line":1,"column":23}},"1":{"start":{"line":13,"column":19},"end":{"line":19,"column":2}},"2":{"start":{"line":21,"column":20},"end":{"line":27,"column":2}},"3":{"start":{"line":29,"column":16},"end":{"line":29,"column":28}},"4":{"start":{"line":40,"column":1},"end":{"line":116,"column":3}},"5":{"start":{"line":53,"column":6},"end":{"line":53,"column":null}},"6":{"start":{"line":59,"column":25},"end":{"line":59,"column":54}},"7":{"start":{"line":72,"column":6},"end":{"line":72,"column":null}},"8":{"start":{"line":78,"column":25},"end":{"line":78,"column":48}},"9":{"start":{"line":91,"column":6},"end":{"line":91,"column":null}},"10":{"start":{"line":97,"column":25},"end":{"line":97,"column":41}},"11":{"start":{"line":100,"column":9},"end":{"line":100,"column":23}},"12":{"start":{"line":105,"column":9},"end":{"line":105,"column":23}},"13":{"start":{"line":119,"column":0},"end":{"line":119,"column":23}}},"fnMap":{"0":{"name":"Sidebar","decl":{"start":{"line":31,"column":9},"end":{"line":31,"column":16}},"loc":{"start":{"line":39,"column":15},"end":{"line":117,"column":1}}},"1":{"name":"(anonymous_1)","decl":{"start":{"line":52,"column":21},"end":{"line":52,"column":22}},"loc":{"start":{"line":53,"column":6},"end":{"line":53,"column":null}}},"2":{"name":"(anonymous_2)","decl":{"start":{"line":59,"column":19},"end":{"line":59,"column":22}},"loc":{"start":{"line":59,"column":25},"end":{"line":59,"column":54}}},"3":{"name":"(anonymous_3)","decl":{"start":{"line":71,"column":22},"end":{"line":71,"column":23}},"loc":{"start":{"line":72,"column":6},"end":{"line":72,"column":null}}},"4":{"name":"(anonymous_4)","decl":{"start":{"line":78,"column":19},"end":{"line":78,"column":22}},"loc":{"start":{"line":78,"column":25},"end":{"line":78,"column":48}}},"5":{"name":"(anonymous_5)","decl":{"start":{"line":90,"column":18},"end":{"line":90,"column":19}},"loc":{"start":{"line":91,"column":6},"end":{"line":91,"column":null}}},"6":{"name":"(anonymous_6)","decl":{"start":{"line":97,"column":19},"end":{"line":97,"column":22}},"loc":{"start":{"line":97,"column":25},"end":{"line":97,"column":41}}},"7":{"name":"(anonymous_7)","decl":{"start":{"line":99,"column":31},"end":{"line":99,"column":32}},"loc":{"start":{"line":100,"column":9},"end":{"line":100,"column":23}}},"8":{"name":"(anonymous_8)","decl":{"start":{"line":104,"column":35},"end":{"line":104,"column":36}},"loc":{"start":{"line":105,"column":9},"end":{"line":105,"column":23}}}},"branchMap":{},"s":{"0":1,"1":1,"2":1,"3":1,"4":0,"5":0,"6":0,"7":0,"8":0,"9":0,"10":0,"11":0,"12":0,"13":1},"f":{"0":0,"1":0,"2":0,"3":0,"4":0,"5":0,"6":0,"7":0,"8":0},"b":{}}
}
