TN:
SF:src/components/LayoutComponent/LayoutComponent.tsx
FN:8,LayoutComponent
FN:16,(anonymous_1)
FN:18,(anonymous_2)
FN:19,(anonymous_3)
FN:20,(anonymous_4)
FN:23,(anonymous_5)
FN:30,(anonymous_6)
FN:31,(anonymous_7)
FN:32,(anonymous_8)
FN:34,(anonymous_9)
FN:44,(anonymous_10)
FN:86,(anonymous_11)
FN:90,(anonymous_12)
FNF:13
FNH:1
FNDA:11,LayoutComponent
FNDA:0,(anonymous_1)
FNDA:0,(anonymous_2)
FNDA:0,(anonymous_3)
FNDA:0,(anonymous_4)
FNDA:0,(anonymous_5)
FNDA:0,(anonymous_6)
FNDA:0,(anonymous_7)
FNDA:0,(anonymous_8)
FNDA:0,(anonymous_9)
FNDA:0,(anonymous_10)
FNDA:0,(anonymous_11)
FNDA:0,(anonymous_12)
DA:1,1
DA:2,1
DA:3,1
DA:4,1
DA:6,1
DA:9,11
DA:10,10
DA:11,10
DA:12,10
DA:13,10
DA:14,10
DA:16,10
DA:17,0
DA:18,0
DA:19,0
DA:20,0
DA:23,10
DA:24,0
DA:25,0
DA:26,0
DA:27,0
DA:30,10
DA:31,0
DA:32,0
DA:33,0
DA:34,0
DA:35,0
DA:40,0
DA:44,10
DA:46,0
DA:49,0
DA:52,0
DA:54,0
DA:55,0
DA:56,0
DA:57,0
DA:58,0
DA:60,0
DA:64,0
DA:67,10
DA:86,0
DA:91,0
DA:103,1
LF:43
LH:17
BRDA:33,0,0,0
BRDA:35,1,0,0
BRDA:35,1,1,0
BRDA:46,2,0,0
BRDA:46,2,1,0
BRDA:49,3,0,0
BRDA:49,3,1,0
BRDA:52,4,0,0
BRDA:52,4,1,0
BRDA:55,5,0,0
BRDA:57,6,0,0
BRDA:57,6,1,0
BRDA:58,7,0,0
BRDA:58,7,1,0
BRDA:64,8,0,0
BRDA:64,8,1,0
BRDA:64,8,2,0
BRDA:64,8,3,0
BRF:18
BRH:0
end_of_record
TN:
SF:src/components/Sidebar/Sidebar.tsx
FN:31,Sidebar
FN:52,(anonymous_1)
FN:59,(anonymous_2)
FN:71,(anonymous_3)
FN:78,(anonymous_4)
FN:90,(anonymous_5)
FN:97,(anonymous_6)
FN:99,(anonymous_7)
FN:104,(anonymous_8)
FNF:9
FNH:0
FNDA:0,Sidebar
FNDA:0,(anonymous_1)
FNDA:0,(anonymous_2)
FNDA:0,(anonymous_3)
FNDA:0,(anonymous_4)
FNDA:0,(anonymous_5)
FNDA:0,(anonymous_6)
FNDA:0,(anonymous_7)
FNDA:0,(anonymous_8)
DA:1,1
DA:13,1
DA:21,1
DA:29,1
DA:40,0
DA:53,0
DA:59,0
DA:72,0
DA:78,0
DA:91,0
DA:97,0
DA:100,0
DA:105,0
DA:119,1
LF:14
LH:5
BRF:0
BRH:0
end_of_record
